

times in msec
 clock   self+sourced   self:  sourced script
 clock   elapsed:              other lines

000.006  000.006: --- NVIM STARTING ---
000.746  000.740: locale set
001.196  000.451: inits 1
001.217  000.021: window checked
001.222  000.005: parsing arguments
003.907  002.684: init lua interpreter
004.097  000.190: expanding arguments
004.177  000.080: inits 2
004.670  000.493: init highlight
004.671  000.002: waiting for UI
007.176  002.505: done waiting for UI
007.208  000.032: init screen for UI
007.235  000.028: init default mappings
007.294  000.059: init default autocommands
007.960  000.083  000.083: sourcing /usr/local/Cellar/neovim/0.7.2_1/share/nvim/runtime/ftplugin.vim
008.082  000.042  000.042: sourcing /usr/local/Cellar/neovim/0.7.2_1/share/nvim/runtime/indent.vim
008.858  000.143  000.143: sourcing /Users/Ryotai/.cache/dein/repos/github.com/Shougo/dein.vim/autoload/dein.vim
009.028  000.065  000.065: sourcing /Users/Ryotai/.cache/dein/repos/github.com/Shougo/dein.vim/autoload/dein/min.vim
010.493  000.070  000.070: sourcing /usr/local/Cellar/neovim/0.7.2_1/share/nvim/runtime/ftoff.vim
012.422  000.067  000.067: sourcing /Users/Ryotai/.config/nvim/plugins/latex.vim
030.857  000.047  000.047: sourcing /Users/Ryotai/.config/nvim/plugins/memolist.vim
081.033  049.786  049.786: sourcing /Users/Ryotai/.config/nvim/plugins/telescope.vim
101.068  000.039  000.039: sourcing /Users/Ryotai/.config/nvim/plugins/translator.vim
101.157  000.031  000.031: sourcing /Users/Ryotai/.config/nvim/plugins/lazygit.vim
101.284  000.053  000.053: sourcing /Users/Ryotai/.config/nvim/plugins/coc.vim
115.986  106.631  056.538: sourcing /Users/Ryotai/.cache/dein/state_nvim.vim
116.449  000.270  000.270: sourcing /Users/Ryotai/.cache/dein/repos/github.com/Shougo/dein.vim/autoload/dein/autoload.vim
116.999  000.409  000.409: sourcing /Users/Ryotai/.cache/dein/repos/github.com/Shougo/dein.vim/autoload/dein/util.vim
117.541  000.066  000.066: sourcing /usr/local/Cellar/neovim/0.7.2_1/share/nvim/runtime/filetype.lua
124.312  000.022  000.022: sourcing /Users/Ryotai/.config/nvim/ftdetect/qmd.vim
124.461  006.857  006.835: sourcing /usr/local/Cellar/neovim/0.7.2_1/share/nvim/runtime/filetype.vim
124.561  000.017  000.017: sourcing /usr/local/Cellar/neovim/0.7.2_1/share/nvim/runtime/ftplugin.vim
124.660  000.014  000.014: sourcing /usr/local/Cellar/neovim/0.7.2_1/share/nvim/runtime/indent.vim
124.939  000.098  000.098: sourcing /usr/local/Cellar/neovim/0.7.2_1/share/nvim/runtime/syntax/synload.vim
125.033  000.302  000.204: sourcing /usr/local/Cellar/neovim/0.7.2_1/share/nvim/runtime/syntax/syntax.vim
131.162  006.034  006.034: sourcing /Users/Ryotai/.cache/dein/.cache/init.vim/.dein/colors/tokyonight.vim
135.225  000.092  000.092: sourcing /Users/Ryotai/.config/nvim/mapping.vim
135.250  127.022  006.120: sourcing /Users/Ryotai/.config/nvim/init.vim
135.255  000.814: sourcing vimrc file(s)
137.625  000.102  000.102: sourcing /Users/Ryotai/.cache/dein/.cache/init.vim/.dein/autoload/coc/rpc.vim
138.472  000.466  000.466: sourcing /Users/Ryotai/.cache/dein/.cache/init.vim/.dein/autoload/coc/util.vim
139.330  000.307  000.307: sourcing /Users/Ryotai/.cache/dein/.cache/init.vim/.dein/autoload/coc/client.vim
143.729  000.492  000.492: sourcing /Users/Ryotai/.cache/dein/.cache/init.vim/.dein/autoload/coc/highlight.vim
147.983  010.679  009.311: sourcing /Users/Ryotai/.cache/dein/.cache/init.vim/.dein/plugin/coc.vim
148.269  000.188  000.188: sourcing /Users/Ryotai/.cache/dein/.cache/init.vim/.dein/plugin/commentary.vim
148.444  000.098  000.098: sourcing /Users/Ryotai/.cache/dein/.cache/init.vim/.dein/plugin/findroot.vim
148.554  000.040  000.040: sourcing /Users/Ryotai/.cache/dein/.cache/init.vim/.dein/plugin/frecency.vim
148.700  000.084  000.084: sourcing /Users/Ryotai/.cache/dein/.cache/init.vim/.dein/plugin/lazygit.vim
149.454  000.590  000.590: sourcing /Users/Ryotai/.cache/dein/.cache/init.vim/.dein/plugin/marks.vim
149.622  000.078  000.078: sourcing /Users/Ryotai/.cache/dein/.cache/init.vim/.dein/plugin/memolist.vim
149.741  000.042  000.042: sourcing /Users/Ryotai/.cache/dein/.cache/init.vim/.dein/plugin/nvim-web-devicons.vim
149.971  000.061  000.061: sourcing /Users/Ryotai/.cache/dein/.cache/init.vim/.dein/plugin/plenary.vim
150.147  000.113  000.113: sourcing /Users/Ryotai/.cache/dein/.cache/init.vim/.dein/plugin/renamer.vim
150.714  000.500  000.500: sourcing /Users/Ryotai/.cache/dein/.cache/init.vim/.dein/plugin/surround.vim
150.849  000.038  000.038: sourcing /Users/Ryotai/.cache/dein/.cache/init.vim/.dein/plugin/todo.vim
151.105  000.183  000.183: sourcing /Users/Ryotai/.cache/dein/.cache/init.vim/.dein/plugin/translator.vim
151.235  000.055  000.055: sourcing /Users/Ryotai/.cache/dein/.cache/init.vim/.dein/plugin/vimsnippets.vim
152.366  000.233  000.233: sourcing /usr/local/Cellar/neovim/0.7.2_1/share/nvim/runtime/plugin/gzip.vim
152.478  000.025  000.025: sourcing /usr/local/Cellar/neovim/0.7.2_1/share/nvim/runtime/plugin/health.vim
152.664  000.081  000.081: sourcing /usr/local/Cellar/neovim/0.7.2_1/share/nvim/runtime/plugin/man.vim
153.958  000.351  000.351: sourcing /usr/local/Cellar/neovim/0.7.2_1/share/nvim/runtime/pack/dist/opt/matchit/plugin/matchit.vim
154.393  001.643  001.291: sourcing /usr/local/Cellar/neovim/0.7.2_1/share/nvim/runtime/plugin/matchit.vim
154.819  000.335  000.335: sourcing /usr/local/Cellar/neovim/0.7.2_1/share/nvim/runtime/plugin/matchparen.vim
155.486  000.575  000.575: sourcing /usr/local/Cellar/neovim/0.7.2_1/share/nvim/runtime/plugin/netrwPlugin.vim
156.795  000.240  000.240: sourcing /usr/local/Cellar/neovim/0.7.2_1/share/nvim/runtime/autoload/remote/host.vim
157.248  000.201  000.201: sourcing /usr/local/Cellar/neovim/0.7.2_1/share/nvim/runtime/autoload/remote/define.vim
157.351  001.527  001.085: sourcing /Users/Ryotai/.local/share/nvim/rplugin.vim
157.362  001.784  000.257: sourcing /usr/local/Cellar/neovim/0.7.2_1/share/nvim/runtime/plugin/rplugin.vim
157.577  000.136  000.136: sourcing /usr/local/Cellar/neovim/0.7.2_1/share/nvim/runtime/plugin/shada.vim
157.796  000.060  000.060: sourcing /usr/local/Cellar/neovim/0.7.2_1/share/nvim/runtime/plugin/spellfile.vim
158.189  000.291  000.291: sourcing /usr/local/Cellar/neovim/0.7.2_1/share/nvim/runtime/plugin/tarPlugin.vim
158.488  000.127  000.127: sourcing /usr/local/Cellar/neovim/0.7.2_1/share/nvim/runtime/plugin/tohtml.vim
158.613  000.039  000.039: sourcing /usr/local/Cellar/neovim/0.7.2_1/share/nvim/runtime/plugin/tutor.vim
159.256  000.351  000.351: sourcing /usr/local/Cellar/neovim/0.7.2_1/share/nvim/runtime/plugin/zipPlugin.vim
162.281  000.516  000.516: sourcing /Users/Ryotai/.cache/dein/.cache/init.vim/.dein/plugin/dashboard.lua
162.979  000.584  000.584: sourcing /Users/Ryotai/.cache/dein/.cache/init.vim/.dein/plugin/drex.lua
165.211  002.061  002.061: sourcing /Users/Ryotai/.cache/dein/.cache/init.vim/.dein/plugin/nvim-treesitter.lua
165.799  000.488  000.488: sourcing /Users/Ryotai/.cache/dein/.cache/init.vim/.dein/plugin/telescope.lua
166.076  000.175  000.175: sourcing /Users/Ryotai/.cache/dein/.cache/init.vim/.dein/plugin/true-zen.lua
166.787  009.276: loading rtp plugins
167.044  000.257: loading packages
167.048  000.003: loading after plugins
167.065  000.018: inits 3
171.999  004.934: reading ShaDa
172.167  000.168: opening buffers
172.688  000.521: BufEnter autocommands
172.692  000.004: editing files in windows
177.447  004.755: VimEnter autocommands
177.451  000.004: UIEnter autocommands
177.456  000.005: before starting main loop
179.844  002.388: first screen update
179.849  000.005: --- NVIM STARTED ---


times in msec
 clock   self+sourced   self:  sourced script
 clock   elapsed:              other lines

000.007  000.007: --- NVIM STARTING ---
000.811  000.804: locale set
001.317  000.506: inits 1
001.341  000.024: window checked
001.347  000.006: parsing arguments
004.412  003.065: init lua interpreter
004.740  000.328: expanding arguments
004.863  000.123: inits 2
005.504  000.641: init highlight
005.507  000.004: waiting for UI
008.544  003.037: done waiting for UI
008.587  000.043: init screen for UI
008.627  000.039: init default mappings
008.703  000.076: init default autocommands
009.475  000.101  000.101: sourcing /usr/local/Cellar/neovim/0.7.2_1/share/nvim/runtime/ftplugin.vim
009.611  000.051  000.051: sourcing /usr/local/Cellar/neovim/0.7.2_1/share/nvim/runtime/indent.vim
010.507  000.169  000.169: sourcing /Users/Ryotai/.cache/dein/repos/github.com/Shougo/dein.vim/autoload/dein.vim
010.697  000.078  000.078: sourcing /Users/Ryotai/.cache/dein/repos/github.com/Shougo/dein.vim/autoload/dein/min.vim
012.354  000.082  000.082: sourcing /usr/local/Cellar/neovim/0.7.2_1/share/nvim/runtime/ftoff.vim
014.478  000.036  000.036: sourcing /Users/Ryotai/.config/nvim/plugins/latex.vim
034.635  000.050  000.050: sourcing /Users/Ryotai/.config/nvim/plugins/memolist.vim
082.616  047.599  047.599: sourcing /Users/Ryotai/.config/nvim/plugins/telescope.vim
100.271  000.036  000.036: sourcing /Users/Ryotai/.config/nvim/plugins/translator.vim
100.356  000.030  000.030: sourcing /Users/Ryotai/.config/nvim/plugins/lazygit.vim
100.494  000.052  000.052: sourcing /Users/Ryotai/.config/nvim/plugins/coc.vim
116.382  105.345  057.459: sourcing /Users/Ryotai/.cache/dein/state_nvim.vim
116.847  000.264  000.264: sourcing /Users/Ryotai/.cache/dein/repos/github.com/Shougo/dein.vim/autoload/dein/autoload.vim
117.423  000.437  000.437: sourcing /Users/Ryotai/.cache/dein/repos/github.com/Shougo/dein.vim/autoload/dein/util.vim
117.968  000.068  000.068: sourcing /usr/local/Cellar/neovim/0.7.2_1/share/nvim/runtime/filetype.lua
124.777  000.022  000.022: sourcing /Users/Ryotai/.config/nvim/ftdetect/qmd.vim
124.927  006.895  006.874: sourcing /usr/local/Cellar/neovim/0.7.2_1/share/nvim/runtime/filetype.vim
125.025  000.017  000.017: sourcing /usr/local/Cellar/neovim/0.7.2_1/share/nvim/runtime/ftplugin.vim
125.112  000.014  000.014: sourcing /usr/local/Cellar/neovim/0.7.2_1/share/nvim/runtime/indent.vim
125.372  000.098  000.098: sourcing /usr/local/Cellar/neovim/0.7.2_1/share/nvim/runtime/syntax/synload.vim
125.462  000.282  000.185: sourcing /usr/local/Cellar/neovim/0.7.2_1/share/nvim/runtime/syntax/syntax.vim
131.773  006.224  006.224: sourcing /Users/Ryotai/.cache/dein/.cache/init.vim/.dein/colors/tokyonight.vim
135.458  000.086  000.086: sourcing /Users/Ryotai/.config/nvim/mapping.vim
135.485  125.713  005.835: sourcing /Users/Ryotai/.config/nvim/init.vim
135.490  000.921: sourcing vimrc file(s)
137.543  000.100  000.100: sourcing /Users/Ryotai/.cache/dein/.cache/init.vim/.dein/autoload/coc/rpc.vim
138.445  000.540  000.540: sourcing /Users/Ryotai/.cache/dein/.cache/init.vim/.dein/autoload/coc/util.vim
139.365  000.307  000.307: sourcing /Users/Ryotai/.cache/dein/.cache/init.vim/.dein/autoload/coc/client.vim
144.825  000.522  000.522: sourcing /Users/Ryotai/.cache/dein/.cache/init.vim/.dein/autoload/coc/highlight.vim
149.206  011.981  010.512: sourcing /Users/Ryotai/.cache/dein/.cache/init.vim/.dein/plugin/coc.vim
149.574  000.268  000.268: sourcing /Users/Ryotai/.cache/dein/.cache/init.vim/.dein/plugin/commentary.vim
149.774  000.106  000.106: sourcing /Users/Ryotai/.cache/dein/.cache/init.vim/.dein/plugin/findroot.vim
149.897  000.047  000.047: sourcing /Users/Ryotai/.cache/dein/.cache/init.vim/.dein/plugin/frecency.vim
150.050  000.087  000.087: sourcing /Users/Ryotai/.cache/dein/.cache/init.vim/.dein/plugin/lazygit.vim
150.809  000.691  000.691: sourcing /Users/Ryotai/.cache/dein/.cache/init.vim/.dein/plugin/marks.vim
150.983  000.082  000.082: sourcing /Users/Ryotai/.cache/dein/.cache/init.vim/.dein/plugin/memolist.vim
151.100  000.045  000.045: sourcing /Users/Ryotai/.cache/dein/.cache/init.vim/.dein/plugin/nvim-web-devicons.vim
151.277  000.052  000.052: sourcing /Users/Ryotai/.cache/dein/.cache/init.vim/.dein/plugin/plenary.vim
151.456  000.114  000.114: sourcing /Users/Ryotai/.cache/dein/.cache/init.vim/.dein/plugin/renamer.vim
152.067  000.543  000.543: sourcing /Users/Ryotai/.cache/dein/.cache/init.vim/.dein/plugin/surround.vim
152.197  000.042  000.042: sourcing /Users/Ryotai/.cache/dein/.cache/init.vim/.dein/plugin/todo.vim
152.449  000.184  000.184: sourcing /Users/Ryotai/.cache/dein/.cache/init.vim/.dein/plugin/translator.vim
152.573  000.054  000.054: sourcing /Users/Ryotai/.cache/dein/.cache/init.vim/.dein/plugin/vimsnippets.vim
153.534  000.233  000.233: sourcing /usr/local/Cellar/neovim/0.7.2_1/share/nvim/runtime/plugin/gzip.vim
153.650  000.021  000.021: sourcing /usr/local/Cellar/neovim/0.7.2_1/share/nvim/runtime/plugin/health.vim
153.817  000.072  000.072: sourcing /usr/local/Cellar/neovim/0.7.2_1/share/nvim/runtime/plugin/man.vim
154.966  000.317  000.317: sourcing /usr/local/Cellar/neovim/0.7.2_1/share/nvim/runtime/pack/dist/opt/matchit/plugin/matchit.vim
155.246  001.366  001.050: sourcing /usr/local/Cellar/neovim/0.7.2_1/share/nvim/runtime/plugin/matchit.vim
155.644  000.314  000.314: sourcing /usr/local/Cellar/neovim/0.7.2_1/share/nvim/runtime/plugin/matchparen.vim
156.499  000.752  000.752: sourcing /usr/local/Cellar/neovim/0.7.2_1/share/nvim/runtime/plugin/netrwPlugin.vim
157.879  000.235  000.235: sourcing /usr/local/Cellar/neovim/0.7.2_1/share/nvim/runtime/autoload/remote/host.vim
158.328  000.199  000.199: sourcing /usr/local/Cellar/neovim/0.7.2_1/share/nvim/runtime/autoload/remote/define.vim
158.436  001.553  001.119: sourcing /Users/Ryotai/.local/share/nvim/rplugin.vim
158.446  001.833  000.280: sourcing /usr/local/Cellar/neovim/0.7.2_1/share/nvim/runtime/plugin/rplugin.vim
158.646  000.118  000.118: sourcing /usr/local/Cellar/neovim/0.7.2_1/share/nvim/runtime/plugin/shada.vim
158.769  000.042  000.042: sourcing /usr/local/Cellar/neovim/0.7.2_1/share/nvim/runtime/plugin/spellfile.vim
159.034  000.192  000.192: sourcing /usr/local/Cellar/neovim/0.7.2_1/share/nvim/runtime/plugin/tarPlugin.vim
159.229  000.117  000.117: sourcing /usr/local/Cellar/neovim/0.7.2_1/share/nvim/runtime/plugin/tohtml.vim
159.388  000.040  000.040: sourcing /usr/local/Cellar/neovim/0.7.2_1/share/nvim/runtime/plugin/tutor.vim
159.659  000.199  000.199: sourcing /usr/local/Cellar/neovim/0.7.2_1/share/nvim/runtime/plugin/zipPlugin.vim
161.670  000.438  000.438: sourcing /Users/Ryotai/.cache/dein/.cache/init.vim/.dein/plugin/dashboard.lua
162.245  000.492  000.492: sourcing /Users/Ryotai/.cache/dein/.cache/init.vim/.dein/plugin/drex.lua
164.096  001.762  001.762: sourcing /Users/Ryotai/.cache/dein/.cache/init.vim/.dein/plugin/nvim-treesitter.lua
164.662  000.471  000.471: sourcing /Users/Ryotai/.cache/dein/.cache/init.vim/.dein/plugin/telescope.lua
164.847  000.093  000.093: sourcing /Users/Ryotai/.cache/dein/.cache/init.vim/.dein/plugin/true-zen.lua
165.385  007.042: loading rtp plugins
165.571  000.186: loading packages
165.573  000.002: loading after plugins
165.591  000.018: inits 3
169.534  003.943: reading ShaDa
169.666  000.132: opening buffers
170.290  000.624: BufEnter autocommands
170.294  000.004: editing files in windows
175.355  005.061: VimEnter autocommands
175.360  000.005: UIEnter autocommands
175.365  000.005: before starting main loop
177.024  001.659: first screen update
177.026  000.002: --- NVIM STARTED ---


times in msec
 clock   self+sourced   self:  sourced script
 clock   elapsed:              other lines

000.007  000.007: --- NVIM STARTING ---
000.812  000.805: locale set
001.342  000.530: inits 1
001.366  000.025: window checked
001.373  000.006: parsing arguments
004.444  003.071: init lua interpreter
004.751  000.307: expanding arguments
004.885  000.134: inits 2
005.561  000.675: init highlight
005.566  000.005: waiting for UI
008.747  003.181: done waiting for UI
008.795  000.048: init screen for UI
008.830  000.035: init default mappings
008.894  000.064: init default autocommands
009.585  000.092  000.092: sourcing /usr/local/Cellar/neovim/0.7.2_1/share/nvim/runtime/ftplugin.vim
009.712  000.047  000.047: sourcing /usr/local/Cellar/neovim/0.7.2_1/share/nvim/runtime/indent.vim
010.601  000.167  000.167: sourcing /Users/Ryotai/.cache/dein/repos/github.com/Shougo/dein.vim/autoload/dein.vim
010.789  000.079  000.079: sourcing /Users/Ryotai/.cache/dein/repos/github.com/Shougo/dein.vim/autoload/dein/min.vim
012.398  000.082  000.082: sourcing /usr/local/Cellar/neovim/0.7.2_1/share/nvim/runtime/ftoff.vim
014.429  000.030  000.030: sourcing /Users/Ryotai/.config/nvim/plugins/latex.vim
034.660  000.051  000.051: sourcing /Users/Ryotai/.config/nvim/plugins/memolist.vim
086.389  051.281  051.281: sourcing /Users/Ryotai/.config/nvim/plugins/telescope.vim
103.779  000.037  000.037: sourcing /Users/Ryotai/.config/nvim/plugins/translator.vim
103.865  000.031  000.031: sourcing /Users/Ryotai/.config/nvim/plugins/lazygit.vim
103.991  000.051  000.051: sourcing /Users/Ryotai/.config/nvim/plugins/coc.vim
119.868  108.759  057.197: sourcing /Users/Ryotai/.cache/dein/state_nvim.vim
120.328  000.271  000.271: sourcing /Users/Ryotai/.cache/dein/repos/github.com/Shougo/dein.vim/autoload/dein/autoload.vim
120.874  000.398  000.398: sourcing /Users/Ryotai/.cache/dein/repos/github.com/Shougo/dein.vim/autoload/dein/util.vim
121.399  000.067  000.067: sourcing /usr/local/Cellar/neovim/0.7.2_1/share/nvim/runtime/filetype.lua
128.135  000.021  000.021: sourcing /Users/Ryotai/.config/nvim/ftdetect/qmd.vim
128.282  006.820  006.798: sourcing /usr/local/Cellar/neovim/0.7.2_1/share/nvim/runtime/filetype.vim
128.383  000.018  000.018: sourcing /usr/local/Cellar/neovim/0.7.2_1/share/nvim/runtime/ftplugin.vim
128.470  000.014  000.014: sourcing /usr/local/Cellar/neovim/0.7.2_1/share/nvim/runtime/indent.vim
128.737  000.098  000.098: sourcing /usr/local/Cellar/neovim/0.7.2_1/share/nvim/runtime/syntax/synload.vim
128.836  000.296  000.199: sourcing /usr/local/Cellar/neovim/0.7.2_1/share/nvim/runtime/syntax/syntax.vim
134.825  005.902  005.902: sourcing /Users/Ryotai/.cache/dein/.cache/init.vim/.dein/colors/tokyonight.vim
138.771  000.097  000.097: sourcing /Users/Ryotai/.config/nvim/mapping.vim
138.812  128.934  006.047: sourcing /Users/Ryotai/.config/nvim/init.vim
138.819  000.852: sourcing vimrc file(s)
141.054  000.103  000.103: sourcing /Users/Ryotai/.cache/dein/.cache/init.vim/.dein/autoload/coc/rpc.vim
141.873  000.437  000.437: sourcing /Users/Ryotai/.cache/dein/.cache/init.vim/.dein/autoload/coc/util.vim
142.797  000.293  000.293: sourcing /Users/Ryotai/.cache/dein/.cache/init.vim/.dein/autoload/coc/client.vim
147.048  000.498  000.498: sourcing /Users/Ryotai/.cache/dein/.cache/init.vim/.dein/autoload/coc/highlight.vim
151.049  010.346  009.015: sourcing /Users/Ryotai/.cache/dein/.cache/init.vim/.dein/plugin/coc.vim
151.306  000.173  000.173: sourcing /Users/Ryotai/.cache/dein/.cache/init.vim/.dein/plugin/commentary.vim
151.460  000.082  000.082: sourcing /Users/Ryotai/.cache/dein/.cache/init.vim/.dein/plugin/findroot.vim
151.564  000.038  000.038: sourcing /Users/Ryotai/.cache/dein/.cache/init.vim/.dein/plugin/frecency.vim
151.695  000.074  000.074: sourcing /Users/Ryotai/.cache/dein/.cache/init.vim/.dein/plugin/lazygit.vim
152.323  000.568  000.568: sourcing /Users/Ryotai/.cache/dein/.cache/init.vim/.dein/plugin/marks.vim
152.454  000.066  000.066: sourcing /Users/Ryotai/.cache/dein/.cache/init.vim/.dein/plugin/memolist.vim
152.554  000.040  000.040: sourcing /Users/Ryotai/.cache/dein/.cache/init.vim/.dein/plugin/nvim-web-devicons.vim
152.721  000.045  000.045: sourcing /Users/Ryotai/.cache/dein/.cache/init.vim/.dein/plugin/plenary.vim
152.878  000.101  000.101: sourcing /Users/Ryotai/.cache/dein/.cache/init.vim/.dein/plugin/renamer.vim
153.415  000.473  000.473: sourcing /Users/Ryotai/.cache/dein/.cache/init.vim/.dein/plugin/surround.vim
153.542  000.062  000.062: sourcing /Users/Ryotai/.cache/dein/.cache/init.vim/.dein/plugin/todo.vim
153.812  000.178  000.178: sourcing /Users/Ryotai/.cache/dein/.cache/init.vim/.dein/plugin/translator.vim
153.924  000.045  000.045: sourcing /Users/Ryotai/.cache/dein/.cache/init.vim/.dein/plugin/vimsnippets.vim
154.791  000.198  000.198: sourcing /usr/local/Cellar/neovim/0.7.2_1/share/nvim/runtime/plugin/gzip.vim
154.869  000.018  000.018: sourcing /usr/local/Cellar/neovim/0.7.2_1/share/nvim/runtime/plugin/health.vim
154.978  000.056  000.056: sourcing /usr/local/Cellar/neovim/0.7.2_1/share/nvim/runtime/plugin/man.vim
155.927  000.251  000.251: sourcing /usr/local/Cellar/neovim/0.7.2_1/share/nvim/runtime/pack/dist/opt/matchit/plugin/matchit.vim
156.116  001.083  000.833: sourcing /usr/local/Cellar/neovim/0.7.2_1/share/nvim/runtime/plugin/matchit.vim
156.347  000.172  000.172: sourcing /usr/local/Cellar/neovim/0.7.2_1/share/nvim/runtime/plugin/matchparen.vim
156.848  000.441  000.441: sourcing /usr/local/Cellar/neovim/0.7.2_1/share/nvim/runtime/plugin/netrwPlugin.vim
157.807  000.203  000.203: sourcing /usr/local/Cellar/neovim/0.7.2_1/share/nvim/runtime/autoload/remote/host.vim
158.211  000.194  000.194: sourcing /usr/local/Cellar/neovim/0.7.2_1/share/nvim/runtime/autoload/remote/define.vim
158.303  001.182  000.785: sourcing /Users/Ryotai/.local/share/nvim/rplugin.vim
158.311  001.391  000.209: sourcing /usr/local/Cellar/neovim/0.7.2_1/share/nvim/runtime/plugin/rplugin.vim
158.537  000.154  000.154: sourcing /usr/local/Cellar/neovim/0.7.2_1/share/nvim/runtime/plugin/shada.vim
158.685  000.045  000.045: sourcing /usr/local/Cellar/neovim/0.7.2_1/share/nvim/runtime/plugin/spellfile.vim
158.977  000.202  000.202: sourcing /usr/local/Cellar/neovim/0.7.2_1/share/nvim/runtime/plugin/tarPlugin.vim
159.163  000.109  000.109: sourcing /usr/local/Cellar/neovim/0.7.2_1/share/nvim/runtime/plugin/tohtml.vim
159.264  000.033  000.033: sourcing /usr/local/Cellar/neovim/0.7.2_1/share/nvim/runtime/plugin/tutor.vim
159.534  000.205  000.205: sourcing /usr/local/Cellar/neovim/0.7.2_1/share/nvim/runtime/plugin/zipPlugin.vim
161.955  000.448  000.448: sourcing /Users/Ryotai/.cache/dein/.cache/init.vim/.dein/plugin/dashboard.lua
162.537  000.501  000.501: sourcing /Users/Ryotai/.cache/dein/.cache/init.vim/.dein/plugin/drex.lua
164.113  001.488  001.488: sourcing /Users/Ryotai/.cache/dein/.cache/init.vim/.dein/plugin/nvim-treesitter.lua
164.570  000.365  000.365: sourcing /Users/Ryotai/.cache/dein/.cache/init.vim/.dein/plugin/telescope.lua
164.750  000.086  000.086: sourcing /Users/Ryotai/.cache/dein/.cache/init.vim/.dein/plugin/true-zen.lua
165.263  007.158: loading rtp plugins
165.438  000.176: loading packages
165.441  000.002: loading after plugins
165.457  000.016: inits 3
169.056  003.599: reading ShaDa
169.217  000.161: opening buffers
169.666  000.449: BufEnter autocommands
169.669  000.003: editing files in windows
174.681  005.012: VimEnter autocommands
174.685  000.004: UIEnter autocommands
174.689  000.004: before starting main loop
176.347  001.658: first screen update
176.350  000.003: --- NVIM STARTED ---
